#
# A fatal error has been detected by the Java Runtime Environment:
#
#  EXCEPTION_ACCESS_VIOLATION (0xc0000005) at pc=0x00007ffe4b0a62d7, pid=31340, tid=27872
#
# JRE version: OpenJDK Runtime Environment (18.0.1.1+2) (build 18.0.1.1+2-6)
# Java VM: OpenJDK 64-Bit Server VM (18.0.1.1+2-6, mixed mode, sharing, tiered, compressed oops, compressed class ptrs, g1 gc, windows-amd64)
# Problematic frame:
# C  [glass.dll+0x262d7]
#
# No core dump will be written. Minidumps are not enabled by default on client versions of Windows
#
# If you would like to submit a bug report, please visit:
#   https://bugreport.java.com/bugreport/crash.jsp
#

---------------  S U M M A R Y ------------

Command Line: -javaagent:C:\Users\Даниил\AppData\Local\JetBrains\Toolbox\apps\IDEA-U\ch-0\222.4459.24\lib\idea_rt.jar=51712:C:\Users\Даниил\AppData\Local\JetBrains\Toolbox\apps\IDEA-U\ch-0\222.4459.24\bin -Dfile.encoding=UTF-8 -Dsun.stdout.encoding=UTF-8 -Dsun.stderr.encoding=UTF-8 --module-path=C:\Users\Даниил\.m2\repository\org\kordamp\bootstrapfx\bootstrapfx-core\0.4.0\bootstrapfx-core-0.4.0.jar;C:\Users\Даниил\.m2\repository\org\controlsfx\controlsfx\11.1.1\controlsfx-11.1.1.jar;C:\Users\Даниил\.m2\repository\org\openjfx\javafx-graphics\18.0.1\javafx-graphics-18.0.1-win.jar;C:\Users\Даниил\.m2\repository\org\kordamp\ikonli\ikonli-core\12.3.1\ikonli-core-12.3.1.jar;C:\Users\Даниил\.m2\repository\org\openjfx\javafx-fxml\18.0.1\javafx-fxml-18.0.1-win.jar;E:\IdeaProjects\courseproject\target\classes;C:\Users\Даниил\.m2\repository\org\openjfx\javafx-controls\18.0.1\javafx-controls-18.0.1-win.jar;E:\postgresql-42.5.0.jar;C:\Users\Даниил\.m2\repository\org\kordamp\ikonli\ikonli-javafx\12.3.1\ikonli-javafx-12.3.1.jar;C:\Users\Даниил\.m2\repository\com\dlsc\formsfx\formsfx-core\11.5.0\formsfx-core-11.5.0.jar;C:\Users\Даниил\.m2\repository\org\openjfx\javafx-base\18.0.1\javafx-base-18.0.1-win.jar -Djdk.module.main=com.example.courseproject com.example.courseproject/com.example.courseproject.HelloApplication

Host: AMD Ryzen 5 5600H with Radeon Graphics         , 12 cores, 13G,  Windows 11 , 64 bit Build 22621 (10.0.22621.755)
Time: Tue Dec  6 13:48:51 2022 RTZ 2 (s 11 , 64 bit Build 22621 (10.0.22621.755) elapsed time: 31.540420 seconds (0d 0h 0m 31s)

---------------  T H R E A D  ---------------

Current thread (0x000001a6780c3e20):  VMThread "VM Thread" [stack: 0x0000000bade00000,0x0000000badf00000] [id=27872]

Stack: [0x0000000bade00000,0x0000000badf00000],  sp=0x0000000badeff270,  free space=1020k
Native frames: (J=compiled Java code, j=interpreted, Vv=VM code, C=native code)
C  [glass.dll+0x262d7]


siginfo: EXCEPTION_ACCESS_VIOLATION (0xc0000005), reading address 0x0000000000000000


Register to memory mapping:

RIP=0x00007ffe4b0a62d7 glass.dll
RAX=0x0 is NULL
RBX=0x000001a67f5e7b38 is a global jni handle
RCX=0x000001a6780c3e20 points into unknown readable memory: 0x00007ffdc320d938 | 38 d9 20 c3 fd 7f 00 00
RDX=0x0000000badeff270 points into unknown readable memory: 0x0000000000000000 | 00 00 00 00 00 00 00 00
RSP=0x0000000badeff270 points into unknown readable memory: 0x0000000000000000 | 00 00 00 00 00 00 00 00
RBP=0x000001a620c6eab8 points into unknown readable memory: 0x000049036f191249 | 49 12 19 6f 03 49 00 00
RSI=0x0000000badeff378 points into unknown readable memory: 0x0000000badeff360 | 60 f3 ef ad 0b 00 00 00
RDI=0x000001a620c6ea90 points into unknown readable memory: 0x00ffb5957b74aa49 | 49 aa 74 7b 95 b5 ff 00
R8 =0x0000000000010002 is an unknown value
R9 =0x000001a620c6ea90 points into unknown readable memory: 0x00ffb5957b74aa49 | 49 aa 74 7b 95 b5 ff 00
R10=0x85f13e9656da4870 is an unknown value
R11=0x0000000badeff200 points into unknown readable memory: 0x000001a620c6ea90 | 90 ea c6 20 a6 01 00 00
R12=0x00007ffe4b0a3bc4 glass.dll
R13=0x00007ffdc33cfbc0 jvm.dll
R14=0x000049036f191249 is an unknown value
R15=0x000001a620c6ea90 points into unknown readable memory: 0x00ffb5957b74aa49 | 49 aa 74 7b 95 b5 ff 00


Registers:
RAX=0x0000000000000000, RBX=0x000001a67f5e7b38, RCX=0x000001a6780c3e20, RDX=0x0000000badeff270
RSP=0x0000000badeff270, RBP=0x000001a620c6eab8, RSI=0x0000000badeff378, RDI=0x000001a620c6ea90
R8 =0x0000000000010002, R9 =0x000001a620c6ea90, R10=0x85f13e9656da4870, R11=0x0000000badeff200
R12=0x00007ffe4b0a3bc4, R13=0x00007ffdc33cfbc0, R14=0x000049036f191249, R15=0x000001a620c6ea90
RIP=0x00007ffe4b0a62d7, EFLAGS=0x0000000000010202

Top of Stack: (sp=0x0000000badeff270)
0x0000000badeff270:   0000000000000000 0000000badeff378
0x0000000badeff280:   00007ffdc33cfbc0 00007ffe4b0a3bc4
0x0000000badeff290:   000001a620c6ea98 00007ffe78ee3a83
0x0000000badeff2a0:   000001a620c6ea90 000001a600000000
0x0000000badeff2b0:   000001a620c6eab8 0000000badeff378
0x0000000badeff2c0:   fffffffffffffffe 0000000000000000
0x0000000badeff2d0:   0000000000000001 00007ffe4b080000
0x0000000badeff2e0:   0000000badeff368 00007ffe78eb006e
0x0000000badeff2f0:   0000000000000000 0000000badeff378
0x0000000badeff300:   0000000badeff660 0000000000000001
0x0000000badeff310:   0000000000000001 00007ffe78eada1d
0x0000000badeff320:   0000000000000000 00007ffe4b0a33bd
0x0000000badeff330:   00007ffe748a5ed0 0000000badeff368
0x0000000badeff340:   fffffffffffffffe 0000000badeff330
0x0000000badeff350:   0000000000000000 00007ffe4b0a3a51
0x0000000badeff360:   00007ffe4b0b9f88 00007ffe00000002 

Instructions: (pc=0x00007ffe4b0a62d7)
0x00007ffe4b0a61d7:   8b 4d 58 e8 2d cf ff ff 48 8b 4d 60 e8 24 cf ff
0x00007ffe4b0a61e7:   ff 48 8b 95 80 00 00 00 48 8b 8d 18 01 00 00 e8
0x00007ffe4b0a61f7:   16 c4 ff ff 33 d2 33 c9 e8 5c e1 ff ff 90 48 89
0x00007ffe4b0a6207:   54 24 10 55 48 83 ec 20 48 8b ea 48 b8 00 00 00
0x00007ffe4b0a6217:   00 00 00 00 00 48 83 c4 20 5d c3 cc 40 55 48 8b
0x00007ffe4b0a6227:   ea 48 8b 01 33 c9 81 38 05 00 00 c0 0f 94 c1 8b
0x00007ffe4b0a6237:   c1 5d c3 cc 40 55 48 83 ec 20 48 8b ea 8a 4d 40
0x00007ffe4b0a6247:   48 83 c4 20 5d e9 17 d3 ff ff cc 40 55 48 83 ec
0x00007ffe4b0a6257:   20 48 8b ea 8a 4d 20 e8 05 d3 ff ff 90 48 83 c4
0x00007ffe4b0a6267:   20 5d c3 cc 40 55 48 83 ec 20 48 8b ea 48 83 c4
0x00007ffe4b0a6277:   20 5d e9 66 d1 ff ff cc 40 55 48 83 ec 30 48 8b
0x00007ffe4b0a6287:   ea 48 8b 01 8b 10 48 89 4c 24 28 89 54 24 20 4c
0x00007ffe4b0a6297:   8d 0d 07 d6 ff ff 4c 8b 45 70 8b 55 68 48 8b 4d
0x00007ffe4b0a62a7:   60 e8 a7 d0 ff ff 90 48 83 c4 30 5d c3 cc cc cc
0x00007ffe4b0a62b7:   cc cc cc cc cc cc cc cc cc 40 53 48 83 ec 20 48
0x00007ffe4b0a62c7:   8b 1d bb 36 01 00 48 85 db 74 16 e8 59 8b ff ff
0x00007ffe4b0a62d7:   4c 8b 00 48 8b d3 48 8b c8 41 ff 90 b0 00 00 00
0x00007ffe4b0a62e7:   90 48 83 c4 20 5b c3 cc cc 40 53 48 83 ec 20 48
0x00007ffe4b0a62f7:   8b 1d 2b 38 01 00 48 85 db 74 57 b8 ff ff ff ff
0x00007ffe4b0a6307:   f0 0f c1 43 10 83 f8 01 75 3d 48 85 db 74 38 48
0x00007ffe4b0a6317:   8b 0b 48 85 c9 74 0d ff 15 84 0f 00 00 48 c7 03
0x00007ffe4b0a6327:   00 00 00 00 48 8b 4b 08 48 85 c9 74 0d e8 d3 cd
0x00007ffe4b0a6337:   ff ff 48 c7 43 08 00 00 00 00 ba 18 00 00 00 48
0x00007ffe4b0a6347:   8b cb e8 be cd ff ff 48 c7 05 cf 37 01 00 00 00
0x00007ffe4b0a6357:   00 00 48 83 c4 20 5b c3 cc 40 53 48 83 ec 20 48
0x00007ffe4b0a6367:   8b 1d 9b 37 01 00 48 85 db 74 57 b8 ff ff ff ff
0x00007ffe4b0a6377:   f0 0f c1 43 10 83 f8 01 75 3d 48 85 db 74 38 48
0x00007ffe4b0a6387:   8b 0b 48 85 c9 74 0d ff 15 14 0f 00 00 48 c7 03
0x00007ffe4b0a6397:   00 00 00 00 48 8b 4b 08 48 85 c9 74 0d e8 63 cd
0x00007ffe4b0a63a7:   ff ff 48 c7 43 08 00 00 00 00 ba 18 00 00 00 48
0x00007ffe4b0a63b7:   8b cb e8 4e cd ff ff 48 c7 05 3f 37 01 00 00 00
0x00007ffe4b0a63c7:   00 00 48 83 c4 20 5b c3 cc 40 53 48 83 ec 20 48 


Stack slot to memory mapping:
stack at sp + 0 slots: 0x0 is NULL
stack at sp + 1 slots: 0x0000000badeff378 points into unknown readable memory: 0x0000000badeff360 | 60 f3 ef ad 0b 00 00 00
stack at sp + 2 slots: 0x00007ffdc33cfbc0 jvm.dll
stack at sp + 3 slots: 0x00007ffe4b0a3bc4 glass.dll
stack at sp + 4 slots: 0x000001a620c6ea98 points into unknown readable memory: 0x000049036f191249 | 49 12 19 6f 03 49 00 00
stack at sp + 5 slots: 0x00007ffe78ee3a83 ucrtbase.dll
stack at sp + 6 slots: 0x000001a620c6ea90 points into unknown readable memory: 0x00ffb5957b74aa49 | 49 aa 74 7b 95 b5 ff 00
stack at sp + 7 slots: 0x000001a600000000 points into unknown readable memory: 0x00010000cafedada | da da fe ca 00 00 01 00

VM_Operation (0x0000000bb0cff520): Exit, mode: safepoint, requested by thread 0x000001a6203c3ef0


---------------  P R O C E S S  ---------------

Threads class SMR info:
_java_thread_list=0x000001a621823810, length=20, elements={
0x000001a6780411d0, 0x000001a67f5d9d80, 0x000001a67f5da630, 0x000001a67f5f88c0,
0x000001a67f5f9170, 0x000001a67f5fa030, 0x000001a67f5fac10, 0x000001a67f606a10,
0x000001a67f609310, 0x000001a67f5c7ff0, 0x000001a620a66a20, 0x000001a6208c8420,
0x000001a6203c5bd0, 0x000001a6203c3080, 0x000001a6203c4d60, 0x000001a6203c3550,
0x000001a6203c5700, 0x000001a6203c26e0, 0x000001a6203c3a20, 0x000001a6203c3ef0
}

Java Threads: ( => current thread )
  0x000001a6780411d0 JavaThread "main" [_thread_blocked, id=7444, stack(0x0000000bad800000,0x0000000bad900000)]
  0x000001a67f5d9d80 JavaThread "Reference Handler" daemon [_thread_blocked, id=15636, stack(0x0000000badf00000,0x0000000bae000000)]
  0x000001a67f5da630 JavaThread "Finalizer" daemon [_thread_blocked, id=19888, stack(0x0000000bae000000,0x0000000bae100000)]
  0x000001a67f5f88c0 JavaThread "Attach Listener" daemon [_thread_blocked, id=21972, stack(0x0000000bae200000,0x0000000bae300000)]
  0x000001a67f5f9170 JavaThread "Service Thread" daemon [_thread_blocked, id=19796, stack(0x0000000bae300000,0x0000000bae400000)]
  0x000001a67f5fa030 JavaThread "Monitor Deflation Thread" daemon [_thread_blocked, id=9068, stack(0x0000000bae400000,0x0000000bae500000)]
  0x000001a67f5fac10 JavaThread "C2 CompilerThread0" daemon [_thread_blocked, id=23704, stack(0x0000000bae500000,0x0000000bae600000)]
  0x000001a67f606a10 JavaThread "C1 CompilerThread0" daemon [_thread_blocked, id=2528, stack(0x0000000bae600000,0x0000000bae700000)]
  0x000001a67f609310 JavaThread "Sweeper thread" daemon [_thread_blocked, id=12428, stack(0x0000000bae700000,0x0000000bae800000)]
  0x000001a67f5c7ff0 JavaThread "Common-Cleaner" daemon [_thread_blocked, id=3872, stack(0x0000000bae800000,0x0000000bae900000)]
  0x000001a620a66a20 JavaThread "Monitor Ctrl-Break" daemon [_thread_in_native, id=19192, stack(0x0000000baeb00000,0x0000000baec00000)]
  0x000001a6208c8420 JavaThread "Notification Thread" daemon [_thread_blocked, id=1792, stack(0x0000000baec00000,0x0000000baed00000)]
  0x000001a6203c5bd0 JavaThread "QuantumRenderer-0" daemon [_thread_blocked, id=2076, stack(0x0000000baee00000,0x0000000baef00000)]
  0x000001a6203c3080 JavaThread "InvokeLaterDispatcher" daemon [_thread_blocked, id=29724, stack(0x0000000baf100000,0x0000000baf200000)]
  0x000001a6203c4d60 JavaThread "JavaFX Application Thread" [_thread_in_native, id=30020, stack(0x0000000baf200000,0x0000000baf300000)]
  0x000001a6203c3550 JavaThread "Thread-1" daemon [_thread_in_native, id=15640, stack(0x0000000baf900000,0x0000000bafa00000)]
  0x000001a6203c5700 JavaThread "JavaFX-Launcher" [_thread_blocked, id=5232, stack(0x0000000bafa00000,0x0000000bafb00000)]
  0x000001a6203c26e0 JavaThread "Prism Font Disposer" daemon [_thread_blocked, id=24840, stack(0x0000000bb0200000,0x0000000bb0300000)]
  0x000001a6203c3a20 JavaThread "Cleaner-0" daemon [_thread_blocked, id=27132, stack(0x0000000bb0300000,0x0000000bb0400000)]
  0x000001a6203c3ef0 JavaThread "SIGINT handler" daemon [_thread_blocked, id=10852, stack(0x0000000bb0c00000,0x0000000bb0d00000)]

Other Threads:
=>0x000001a6780c3e20 VMThread "VM Thread" [stack: 0x0000000bade00000,0x0000000badf00000] [id=27872]
  0x000001a6780a7c70 WorkerThread "GC Thread#0" [stack: 0x0000000bad900000,0x0000000bada00000] [id=23968]
  0x000001a620edd7a0 WorkerThread "GC Thread#1" [stack: 0x0000000bafb00000,0x0000000bafc00000] [id=26244]
  0x000001a620ed9e60 WorkerThread "GC Thread#2" [stack: 0x0000000bafc00000,0x0000000bafd00000] [id=14376]
  0x000001a620eda100 WorkerThread "GC Thread#3" [stack: 0x0000000bafd00000,0x0000000bafe00000] [id=14524]
  0x000001a620edafc0 WorkerThread "GC Thread#4" [stack: 0x0000000bafe00000,0x0000000baff00000] [id=10236]
  0x000001a620efc2c0 WorkerThread "GC Thread#5" [stack: 0x0000000baff00000,0x0000000bb0000000] [id=9792]
  0x000001a621774b10 WorkerThread "GC Thread#6" [stack: 0x0000000bb0000000,0x0000000bb0100000] [id=28896]
  0x000001a62138d8f0 WorkerThread "GC Thread#7" [stack: 0x0000000bb0400000,0x0000000bb0500000] [id=20096]
  0x000001a62138db90 WorkerThread "GC Thread#8" [stack: 0x0000000bb0500000,0x0000000bb0600000] [id=17556]
  0x000001a62138e240 WorkerThread "GC Thread#9" [stack: 0x0000000bb0600000,0x0000000bb0700000] [id=17984]
  0x000001a6780b69d0 ConcurrentGCThread "G1 Main Marker" terminated
  0x000001a6780b82e0 WorkerThread "G1 Conc#0" [stack: 0x0000000badb00000,0x0000000badc00000] [id=21952]
  0x000001a620682f70 WorkerThread "G1 Conc#1" [stack: 0x0000000bb0a00000,0x0000000bb0b00000] [id=2676]
  0x000001a6218a6860 WorkerThread "G1 Conc#2" [stack: 0x0000000bb0b00000,0x0000000bb0c00000] [id=13768]
  0x000001a6780eb220 ConcurrentGCThread "G1 Refine#0" terminated
  0x000001a6780eba40 ConcurrentGCThread "G1 Service" terminated

Threads with active compile tasks:
C1 CompilerThread0  
[error occurred during error reporting (printing all threads), id 0xc0000005, EXCEPTION_ACCESS_VIOLATION (0xc0000005) at pc=0x00007ffdc300e8a3]

VM state: at safepoint (shutting down)

VM Mutex/Monitor currently owned by a thread:  ([mutex/lock_event])
[0x000001a67803d0f0] Threads_lock - owner thread: 0x000001a6780c3e20
[0x000001a67803d2a0] Heap_lock - owner thread: 0x000001a6203c3ef0

Heap address: 0x0000000722400000, size: 3548 MB, Compressed Oops mode: Zero based, Oop shift amount: 3

CDS archive(s) mapped at: [0x0000000800000000-0x0000000800b90000-0x0000000800b90000), size 12124160, SharedBaseAddress: 0x0000000800000000, ArchiveRelocationMode: 0.
Compressed class space mapped at: 0x0000000800c00000-0x0000000840c00000, reserved size: 1073741824
Narrow klass base: 0x0000000800000000, Narrow klass shift: 0, Narrow klass range: 0x100000000

GC Precious Log:
 CardTable entry size: 512
 Card Set container configuration: InlinePtr #cards 4 size 8 Array Of Cards #cards 16 size 48 Howl #buckets 8 coarsen threshold 3686 Howl Bitmap #cards 512 size 80 coarsen threshold 460 Card regions per heap region 1 cards per card region 4096
 CPUs: 12 total, 12 available
 Memory: 14188M
 Large Page Support: Disabled
 NUMA Support: Disabled
 Compressed Oops: Enabled (Zero based)
 Heap Region Size: 2M
 Heap Min Capacity: 8M
 Heap Initial Capacity: 222M
 Heap Max Capacity: 3548M
 Pre-touch: Disabled
 Parallel Workers: 10
 Concurrent Workers: 3
 Concurrent Refinement Workers: 10
 Periodic GC: Disabled

Heap:
 garbage-first heap   total 61440K, used 20264K [0x0000000722400000, 0x0000000800000000)
  region size 2048K, 10 young (20480K), 5 survivors (10240K)
 Metaspace       used 21790K, committed 22144K, reserved 1114112K
  class space    used 2862K, committed 3008K, reserved 1048576K

Heap Regions: E=young(eden), S=young(survivor), O=old, HS=humongous(starts), HC=humongous(continues), CS=collection set, F=free, OA=open archive, CA=closed archive, TAMS=top-at-mark-start (previous, next)
|   0|0x0000000722400000, 0x0000000722600000, 0x0000000722600000|100%|HS|  |TAMS 0x0000000722600000, 0x0000000722400000| Complete 
|   1|0x0000000722600000, 0x00000007227af400, 0x0000000722800000| 84%| O|  |TAMS 0x00000007227af400, 0x0000000722600000| Complete 
|   2|0x0000000722800000, 0x0000000722800000, 0x0000000722a00000|  0%| F|  |TAMS 0x0000000722800000, 0x0000000722800000| Untracked 
|   3|0x0000000722a00000, 0x0000000722a00000, 0x0000000722c00000|  0%| F|  |TAMS 0x0000000722a00000, 0x0000000722a00000| Untracked 
|   4|0x0000000722c00000, 0x0000000722c00000, 0x0000000722e00000|  0%| F|  |TAMS 0x0000000722c00000, 0x0000000722c00000| Untracked 
|   5|0x0000000722e00000, 0x0000000722e00000, 0x0000000723000000|  0%| F|  |TAMS 0x0000000722e00000, 0x0000000722e00000| Untracked 
|   6|0x0000000723000000, 0x0000000723000000, 0x0000000723200000|  0%| F|  |TAMS 0x0000000723000000, 0x0000000723000000| Untracked 
|   7|0x0000000723200000, 0x0000000723200000, 0x0000000723400000|  0%| F|  |TAMS 0x0000000723200000, 0x0000000723200000| Untracked 
|   8|0x0000000723400000, 0x0000000723400000, 0x0000000723600000|  0%| F|  |TAMS 0x0000000723400000, 0x0000000723400000| Untracked 
|   9|0x0000000723600000, 0x0000000723600000, 0x0000000723800000|  0%| F|  |TAMS 0x0000000723600000, 0x0000000723600000| Untracked 
|  10|0x0000000723800000, 0x0000000723800000, 0x0000000723a00000|  0%| F|  |TAMS 0x0000000723800000, 0x0000000723800000| Untracked 
|  11|0x0000000723a00000, 0x0000000723a00000, 0x0000000723c00000|  0%| F|  |TAMS 0x0000000723a00000, 0x0000000723a00000| Untracked 
|  12|0x0000000723c00000, 0x0000000723c00000, 0x0000000723e00000|  0%| F|  |TAMS 0x0000000723c00000, 0x0000000723c00000| Untracked 
|  13|0x0000000723e00000, 0x0000000723e00000, 0x0000000724000000|  0%| F|  |TAMS 0x0000000723e00000, 0x0000000723e00000| Untracked 
|  14|0x0000000724000000, 0x0000000724000000, 0x0000000724200000|  0%| F|  |TAMS 0x0000000724000000, 0x0000000724000000| Untracked 
|  15|0x0000000724200000, 0x0000000724200000, 0x0000000724400000|  0%| F|  |TAMS 0x0000000724200000, 0x0000000724200000| Untracked 
|  16|0x0000000724400000, 0x0000000724400000, 0x0000000724600000|  0%| F|  |TAMS 0x0000000724400000, 0x0000000724400000| Untracked 
|  17|0x0000000724600000, 0x0000000724600000, 0x0000000724800000|  0%| F|  |TAMS 0x0000000724600000, 0x0000000724600000| Untracked 
|  18|0x0000000724800000, 0x0000000724800000, 0x0000000724a00000|  0%| F|  |TAMS 0x0000000724800000, 0x0000000724800000| Untracked 
|  19|0x0000000724a00000, 0x0000000724a00000, 0x0000000724c00000|  0%| F|  |TAMS 0x0000000724a00000, 0x0000000724a00000| Untracked 
|  20|0x0000000724c00000, 0x0000000724c2ce40, 0x0000000724e00000|  8%| E|  |TAMS 0x0000000724c00000, 0x0000000724c00000| Complete 
|  21|0x0000000724e00000, 0x0000000725000000, 0x0000000725000000|100%| E|CS|TAMS 0x0000000724e00000, 0x0000000724e00000| Complete 
|  22|0x0000000725000000, 0x0000000725200000, 0x0000000725200000|100%| E|CS|TAMS 0x0000000725000000, 0x0000000725000000| Complete 
|  96|0x000000072e400000, 0x000000072e41ae48, 0x000000072e600000|  5%| S|CS|TAMS 0x000000072e400000, 0x000000072e400000| Complete 
|  97|0x000000072e600000, 0x000000072e800000, 0x000000072e800000|100%| S|CS|TAMS 0x000000072e600000, 0x000000072e600000| Complete 
|  98|0x000000072e800000, 0x000000072ea00000, 0x000000072ea00000|100%| S|CS|TAMS 0x000000072e800000, 0x000000072e800000| Complete 
|  99|0x000000072ea00000, 0x000000072ec00000, 0x000000072ec00000|100%| S|CS|TAMS 0x000000072ea00000, 0x000000072ea00000| Complete 
| 100|0x000000072ec00000, 0x000000072ee00000, 0x000000072ee00000|100%| S|CS|TAMS 0x000000072ec00000, 0x000000072ec00000| Complete 
| 109|0x000000072fe00000, 0x0000000730000000, 0x0000000730000000|100%| E|CS|TAMS 0x000000072fe00000, 0x000000072fe00000| Complete 
| 110|0x0000000730000000, 0x0000000730200000, 0x0000000730200000|100%| E|CS|TAMS 0x0000000730000000, 0x0000000730000000| Complete 

Card table byte_map: [0x000001a67ac70000,0x000001a67b360000] _byte_map_base: 0x000001a67735e000

Marking Bits (Prev, Next): (CMBitMap*) 0x000001a6780a81c0, (CMBitMap*) 0x000001a6780a8180
 Prev Bits: [0x000001a616870000, 0x000001a619fe0000)
 Next Bits: [0x000001a67ba50000, 0x000001a67f1c0000)

Polling page: 0x000001a677db0000

Metaspace:

Usage:
  Non-class:     18.48 MB used.
      Class:      2.80 MB used.
       Both:     21.28 MB used.

Virtual space:
  Non-class space:       64.00 MB reserved,      18.69 MB ( 29%) committed,  1 nodes.
      Class space:        1.00 GB reserved,       2.94 MB ( <1%) committed,  1 nodes.
             Both:        1.06 GB reserved,      21.62 MB (  2%) committed. 

Chunk freelists:
   Non-Class:  1.14 MB
       Class:  1.09 MB
        Both:  2.23 MB

MaxMetaspaceSize: unlimited
CompressedClassSpaceSize: 1.00 GB
Initial GC threshold: 21.00 MB
Current GC threshold: 35.12 MB
CDS: on
MetaspaceReclaimPolicy: balanced
 - commit_granule_bytes: 65536.
 - commit_granule_words: 8192.
 - virtual_space_node_default_size: 8388608.
 - enlarge_chunks_in_place: 1.
 - new_chunks_are_fully_committed: 0.
 - uncommit_free_chunks: 1.
 - use_allocation_guard: 0.


Internal statistics:

num_allocs_failed_limit: 3.
num_arena_births: 364.
num_arena_deaths: 0.
num_vsnodes_births: 2.
num_vsnodes_deaths: 0.
num_space_committed: 346.
num_space_uncommitted: 0.
num_chunks_returned_to_freelist: 3.
num_chunks_taken_from_freelist: 926.
num_chunk_merges: 3.
num_chunk_splits: 640.
num_chunks_enlarged: 490.
num_inconsistent_stats: 0.

CodeHeap 'non-profiled nmethods': size=120000Kb used=1379Kb max_used=1379Kb free=118621Kb
 bounds [0x000001a60f340000, 0x000001a60f5b0000, 0x000001a616870000]
CodeHeap 'profiled nmethods': size=120000Kb used=6314Kb max_used=6314Kb free=113685Kb
 bounds [0x000001a607e10000, 0x000001a608440000, 0x000001a60f340000]
CodeHeap 'non-nmethods': size=5760Kb used=1490Kb max_used=1513Kb free=4269Kb
 bounds [0x000001a607870000, 0x000001a607ae0000, 0x000001a607e10000]
 total_blobs=4159 nmethods=3311 adapters=760
 compilation: enabled
              stopped_count=0, restarted_count=0
 full_count=0

Compilation events (20 events):
Event: 22.225 Thread 0x000001a67f5fac10 nmethod 3305 0x000001a60f48e890 code [0x000001a60f48ea00, 0x000001a60f48ea78]
Event: 22.235 Thread 0x000001a67f5fac10 3306       4       javafx.scene.Node::getGeomBounds (141 bytes)
Event: 22.240 Thread 0x000001a67f5fac10 nmethod 3306 0x000001a60f48eb90 code [0x000001a60f48ed80, 0x000001a60f48f208]
Event: 22.240 Thread 0x000001a67f5fac10 3307       4       javafx.scene.Node::getLocalBounds (162 bytes)
Event: 22.249 Thread 0x000001a67f5fac10 nmethod 3307 0x000001a60f48f610 code [0x000001a60f48f880, 0x000001a60f490050]
Event: 22.370 Thread 0x000001a67f5fac10 3308   !   4       javafx.scene.Node::intersectsBounds (1005 bytes)
Event: 22.393 Thread 0x000001a67f5fac10 nmethod 3308 0x000001a60f490790 code [0x000001a60f490ac0, 0x000001a60f491de8]
Event: 22.471 Thread 0x000001a67f5fac10 3309       4       com.sun.javafx.event.EventDispatchChainImpl::prepend (77 bytes)
Event: 22.480 Thread 0x000001a67f5fac10 nmethod 3309 0x000001a60f493890 code [0x000001a60f493a40, 0x000001a60f494398]
Event: 22.595 Thread 0x000001a67f5fac10 3310       4       com.sun.javafx.tk.quantum.GlassViewEventHandler::mouseEventButton (60 bytes)
Event: 22.596 Thread 0x000001a67f5fac10 nmethod 3310 0x000001a60f494710 code [0x000001a60f494880, 0x000001a60f494918]
Event: 22.606 Thread 0x000001a67f5fac10 3311   !   4       javafx.scene.Node::pickNode (130 bytes)
Event: 22.614 Thread 0x000001a67f5fac10 nmethod 3311 0x000001a60f494a10 code [0x000001a60f494c00, 0x000001a60f4951e8]
Event: 22.631 Thread 0x000001a67f5fac10 3312       4       com.sun.javafx.scene.layout.RegionHelper::pickNodeLocalImpl (12 bytes)
Event: 22.662 Thread 0x000001a67f5fac10 nmethod 3312 0x000001a60f495990 code [0x000001a60f495c60, 0x000001a60f4970b0]
Event: 23.143 Thread 0x000001a67f606a10 3313       1       com.sun.glass.ui.Application::hasWindowManager (2 bytes)
Event: 23.144 Thread 0x000001a67f606a10 nmethod 3313 0x000001a60f498510 code [0x000001a60f4986a0, 0x000001a60f498778]
Event: 23.346 Thread 0x000001a67f5fac10 3314       4       com.sun.javafx.event.CompositeEventDispatcher::dispatchCapturingEvent (35 bytes)
Event: 23.348 Thread 0x000001a67f5fac10 nmethod 3314 0x000001a60f498810 code [0x000001a60f4989a0, 0x000001a60f498ab8]
Event: 30.979 Thread 0x000001a67f606a10 3315       3       com.sun.prism.impl.BaseResourcePool$WeakLinkedList::getResource (11 bytes)

GC Heap History (6 events):
Event: 0.722 GC heap before
{Heap before GC invocations=0 (full 0):
 garbage-first heap   total 227328K, used 22528K [0x0000000722400000, 0x0000000800000000)
  region size 2048K, 11 young (22528K), 0 survivors (0K)
 Metaspace       used 4571K, committed 4800K, reserved 1114112K
  class space    used 492K, committed 576K, reserved 1048576K
}
Event: 0.725 GC heap after
{Heap after GC invocations=1 (full 0):
 garbage-first heap   total 227328K, used 2794K [0x0000000722400000, 0x0000000800000000)
  region size 2048K, 2 young (4096K), 2 survivors (4096K)
 Metaspace       used 4571K, committed 4800K, reserved 1114112K
  class space    used 492K, committed 576K, reserved 1048576K
}
Event: 2.232 GC heap before
{Heap before GC invocations=1 (full 0):
 garbage-first heap   total 227328K, used 37610K [0x0000000722400000, 0x0000000800000000)
  region size 2048K, 19 young (38912K), 2 survivors (4096K)
 Metaspace       used 13378K, committed 13696K, reserved 1114112K
  class space    used 1731K, committed 1856K, reserved 1048576K
}
Event: 2.239 GC heap after
{Heap after GC invocations=2 (full 0):
 garbage-first heap   total 227328K, used 9917K [0x0000000722400000, 0x0000000800000000)
  region size 2048K, 3 young (6144K), 3 survivors (6144K)
 Metaspace       used 13378K, committed 13696K, reserved 1114112K
  class space    used 1731K, committed 1856K, reserved 1048576K
}
Event: 8.725 GC heap before
{Heap before GC invocations=2 (full 0):
 garbage-first heap   total 227328K, used 28349K [0x0000000722400000, 0x0000000800000000)
  region size 2048K, 13 young (26624K), 3 survivors (6144K)
 Metaspace       used 21226K, committed 21504K, reserved 1114112K
  class space    used 2830K, committed 2944K, reserved 1048576K
}
Event: 8.732 GC heap after
{Heap after GC invocations=3 (full 0):
 garbage-first heap   total 227328K, used 12072K [0x0000000722400000, 0x0000000800000000)
  region size 2048K, 5 young (10240K), 5 survivors (10240K)
 Metaspace       used 21226K, committed 21504K, reserved 1114112K
  class space    used 2830K, committed 2944K, reserved 1048576K
}

Deoptimization events (20 events):
Event: 12.279 Thread 0x000001a6203c4d60 Uncommon trap: trap_request=0xffffffde fr.pc=0x000001a60f459678 relative=0x0000000000000258
Event: 12.279 Thread 0x000001a6203c4d60 Uncommon trap: reason=class_check action=maybe_recompile pc=0x000001a60f459678 method=sun.security.util.math.intpoly.IntegerPolynomial.multByInt([JJ)V @ 26 c2
Event: 12.279 Thread 0x000001a6203c4d60 DEOPT PACKING pc=0x000001a60f459678 sp=0x0000000baf2f9250
Event: 12.279 Thread 0x000001a6203c4d60 DEOPT UNPACKING pc=0x000001a6078c23a3 sp=0x0000000baf2f9200 mode 2
Event: 12.279 Thread 0x000001a6203c4d60 Uncommon trap: trap_request=0xffffffde fr.pc=0x000001a60f459678 relative=0x0000000000000258
Event: 12.279 Thread 0x000001a6203c4d60 Uncommon trap: reason=class_check action=maybe_recompile pc=0x000001a60f459678 method=sun.security.util.math.intpoly.IntegerPolynomial.multByInt([JJ)V @ 26 c2
Event: 12.279 Thread 0x000001a6203c4d60 DEOPT PACKING pc=0x000001a60f459678 sp=0x0000000baf2f9250
Event: 12.279 Thread 0x000001a6203c4d60 DEOPT UNPACKING pc=0x000001a6078c23a3 sp=0x0000000baf2f9200 mode 2
Event: 12.279 Thread 0x000001a6203c4d60 Uncommon trap: trap_request=0xffffffde fr.pc=0x000001a60f459678 relative=0x0000000000000258
Event: 12.279 Thread 0x000001a6203c4d60 Uncommon trap: reason=class_check action=maybe_recompile pc=0x000001a60f459678 method=sun.security.util.math.intpoly.IntegerPolynomial.multByInt([JJ)V @ 26 c2
Event: 12.279 Thread 0x000001a6203c4d60 DEOPT PACKING pc=0x000001a60f459678 sp=0x0000000baf2f9250
Event: 12.279 Thread 0x000001a6203c4d60 DEOPT UNPACKING pc=0x000001a6078c23a3 sp=0x0000000baf2f9200 mode 2
Event: 13.139 Thread 0x000001a6203c4d60 Uncommon trap: trap_request=0xffffffde fr.pc=0x000001a60f3d0928 relative=0x0000000000000308
Event: 13.139 Thread 0x000001a6203c4d60 Uncommon trap: reason=class_check action=maybe_recompile pc=0x000001a60f3d0928 method=java.util.HashMap.putVal(ILjava/lang/Object;Ljava/lang/Object;ZZ)Ljava/lang/Object; @ 253 c2
Event: 13.139 Thread 0x000001a6203c4d60 DEOPT PACKING pc=0x000001a60f3d0928 sp=0x0000000baf2f9440
Event: 13.139 Thread 0x000001a6203c4d60 DEOPT UNPACKING pc=0x000001a6078c23a3 sp=0x0000000baf2f93e0 mode 2
Event: 13.139 Thread 0x000001a6203c4d60 Uncommon trap: trap_request=0xffffffde fr.pc=0x000001a60f3d0928 relative=0x0000000000000308
Event: 13.139 Thread 0x000001a6203c4d60 Uncommon trap: reason=class_check action=maybe_recompile pc=0x000001a60f3d0928 method=java.util.HashMap.putVal(ILjava/lang/Object;Ljava/lang/Object;ZZ)Ljava/lang/Object; @ 253 c2
Event: 13.139 Thread 0x000001a6203c4d60 DEOPT PACKING pc=0x000001a60f3d0928 sp=0x0000000baf2f9440
Event: 13.139 Thread 0x000001a6203c4d60 DEOPT UNPACKING pc=0x000001a6078c23a3 sp=0x0000000baf2f93e0 mode 2

Classes loaded (20 events):
Event: 9.813 Loading class java/util/concurrent/atomic/AtomicIntegerFieldUpdater
Event: 9.813 Loading class java/util/concurrent/atomic/AtomicIntegerFieldUpdater done
Event: 9.813 Loading class sun/reflect/misc/ReflectUtil
Event: 9.813 Loading class sun/reflect/misc/ReflectUtil done
Event: 9.813 Loading class java/util/concurrent/atomic/AtomicIntegerFieldUpdater$AtomicIntegerFieldUpdaterImpl
Event: 9.814 Loading class java/util/concurrent/atomic/AtomicIntegerFieldUpdater$AtomicIntegerFieldUpdaterImpl done
Event: 9.814 Loading class java/util/concurrent/atomic/AtomicIntegerFieldUpdater$AtomicIntegerFieldUpdaterImpl$1
Event: 9.814 Loading class java/util/concurrent/atomic/AtomicIntegerFieldUpdater$AtomicIntegerFieldUpdaterImpl$1 done
Event: 11.430 Loading class java/net/UnknownHostException
Event: 11.430 Loading class java/net/UnknownHostException done
Event: 14.193 Loading class java/util/MissingResourceException
Event: 14.194 Loading class java/util/MissingResourceException done
Event: 14.196 Loading class java/text/MessageFormat
Event: 14.196 Loading class java/text/MessageFormat done
Event: 14.197 Loading class java/lang/Throwable$WrappedPrintStream
Event: 14.197 Loading class java/lang/Throwable$PrintStreamOrWriter
Event: 14.197 Loading class java/lang/Throwable$PrintStreamOrWriter done
Event: 14.197 Loading class java/lang/Throwable$WrappedPrintStream done
Event: 30.975 Loading class jdk/internal/misc/Signal$1
Event: 30.976 Loading class jdk/internal/misc/Signal$1 done

Classes unloaded (0 events):
No events

Classes redefined (0 events):
No events

Internal exceptions (20 events):
Event: 2.260 Thread 0x000001a6203c4d60 Exception <a 'java/lang/NoSuchMethodError'{0x0000000730040dd0}: 'long java.lang.invoke.DirectMethodHandle$Holder.invokeStatic(java.lang.Object, java.lang.Object, java.lang.Object)'> (0x0000000730040dd0) 
thrown [s\open\src\hotspot\share\interpreter\linkResolver.cpp, line 766]
Event: 2.260 Thread 0x000001a6203c4d60 Exception <a 'java/lang/NoSuchMethodError'{0x0000000730044570}: 'long java.lang.invoke.DirectMethodHandle$Holder.invokeStaticInit(java.lang.Object, java.lang.Object, java.lang.Object)'> (0x0000000730044570) 
thrown [s\open\src\hotspot\share\interpreter\linkResolver.cpp, line 766]
Event: 2.262 Thread 0x000001a6203c4d60 Exception <a 'java/lang/NoSuchMethodError'{0x000000073005ccb0}: 'java.lang.Object java.lang.invoke.DirectMethodHandle$Holder.newInvokeSpecial(java.lang.Object, java.lang.Object, long)'> (0x000000073005ccb0) 
thrown [s\open\src\hotspot\share\interpreter\linkResolver.cpp, line 766]
Event: 2.262 Thread 0x000001a6203c4d60 Exception <a 'java/lang/NoSuchMethodError'{0x0000000730060828}: 'java.lang.Object java.lang.invoke.Invokers$Holder.linkToTargetMethod(java.lang.Object, long, java.lang.Object)'> (0x0000000730060828) 
thrown [s\open\src\hotspot\share\interpreter\linkResolver.cpp, line 766]
Event: 3.634 Thread 0x000001a6203c4d60 Implicit null exception at 0x000001a60f40dbeb to 0x000001a60f40e4f4
Event: 4.155 Thread 0x000001a6203c4d60 Exception <a 'java/io/FileNotFoundException'{0x000000072ff20ad0}> (0x000000072ff20ad0) 
thrown [s\open\src\hotspot\share\prims\jni.cpp, line 516]
Event: 4.183 Thread 0x000001a6203c4d60 Exception <a 'sun/nio/fs/WindowsException'{0x000000072ffee8f8}> (0x000000072ffee8f8) 
thrown [s\open\src\hotspot\share\prims\jni.cpp, line 516]
Event: 4.184 Thread 0x000001a6203c4d60 Exception <a 'java/lang/NoSuchMethodError'{0x000000072fc010b0}: method resolution failed> (0x000000072fc010b0) 
thrown [s\open\src\hotspot\share\prims\methodHandles.cpp, line 1264]
Event: 4.191 Thread 0x000001a6203c4d60 Exception <a 'java/lang/NoSuchMethodError'{0x000000072fc2e2b0}: 'java.lang.Object java.lang.invoke.DirectMethodHandle$Holder.invokeVirtual(java.lang.Object, java.lang.Object, java.lang.Object, java.lang.Object)'> (0x000000072fc2e2b0) 
thrown [s\open\src\hotspot\share\interpreter\linkResolver.cpp, line 766]
Event: 4.203 Thread 0x000001a6203c4d60 Exception <a 'java/lang/NoSuchMethodError'{0x000000072fc8b660}: 'int java.lang.invoke.DirectMethodHandle$Holder.invokeStatic(java.lang.Object, java.lang.Object, java.lang.Object, java.lang.Object)'> (0x000000072fc8b660) 
thrown [s\open\src\hotspot\share\interpreter\linkResolver.cpp, line 766]
Event: 4.204 Thread 0x000001a6203c4d60 Exception <a 'java/lang/NoSuchMethodError'{0x000000072fc8f108}: 'int java.lang.invoke.DirectMethodHandle$Holder.invokeStaticInit(java.lang.Object, java.lang.Object, java.lang.Object, java.lang.Object)'> (0x000000072fc8f108) 
thrown [s\open\src\hotspot\share\interpreter\linkResolver.cpp, line 766]
Event: 4.205 Thread 0x000001a6203c4d60 Exception <a 'java/lang/IncompatibleClassChangeError'{0x000000072fc98370}: Found class java.lang.Object, but interface was expected> (0x000000072fc98370) 
thrown [s\open\src\hotspot\share\interpreter\linkResolver.cpp, line 833]
Event: 4.655 Thread 0x000001a6203c4d60 Exception <a 'sun/nio/fs/WindowsException'{0x000000072fb3e518}> (0x000000072fb3e518) 
thrown [s\open\src\hotspot\share\prims\jni.cpp, line 516]
Event: 4.664 Thread 0x000001a6203c4d60 Exception <a 'sun/nio/fs/WindowsException'{0x000000072fb53628}> (0x000000072fb53628) 
thrown [s\open\src\hotspot\share\prims\jni.cpp, line 516]
Event: 4.709 Thread 0x000001a6203c4d60 Exception <a 'java/lang/NoSuchMethodError'{0x000000072f892168}: 'java.lang.Object java.lang.invoke.DirectMethodHandle$Holder.invokeStaticInit(java.lang.Object, int, int, int, int)'> (0x000000072f892168) 
thrown [s\open\src\hotspot\share\interpreter\linkResolver.cpp, line 766]
Event: 4.773 Thread 0x000001a6203c4d60 Exception <a 'java/lang/NoSuchMethodError'{0x000000072f972de0}: 'java.lang.Object java.lang.invoke.DirectMethodHandle$Holder.invokeStaticInit(java.lang.Object, java.lang.Object, int, int, int, int)'> (0x000000072f972de0) 
thrown [s\open\src\hotspot\share\interpreter\linkResolver.cpp, line 766]
Event: 7.140 Thread 0x000001a6203c4d60 Exception <a 'java/lang/ClassNotFoundException'{0x000000072f25f198}: com/sun/javafx/scene/control/skin/resources/controls> (0x000000072f25f198) 
thrown [s\open\src\hotspot\share\prims\jni.cpp, line 535]
Event: 7.142 Thread 0x000001a6203c4d60 Exception <a 'java/lang/ClassNotFoundException'{0x000000072f26d700}: com/sun/javafx/scene/control/skin/resources/controls_ru> (0x000000072f26d700) 
thrown [s\open\src\hotspot\share\prims\jni.cpp, line 535]
Event: 7.142 Thread 0x000001a6203c4d60 Exception <a 'java/lang/ClassNotFoundException'{0x000000072f26e968}: com/sun/javafx/scene/control/skin/resources/controls_ru_RU> (0x000000072f26e968) 
thrown [s\open\src\hotspot\share\prims\jni.cpp, line 535]
Event: 7.177 Thread 0x000001a6203c4d60 Exception <a 'java/lang/NoSuchMethodError'{0x000000072f3e6e10}: 'void java.lang.invoke.DirectMethodHandle$Holder.invokeSpecial(java.lang.Object, java.lang.Object, java.lang.Object, java.lang.Object, java.lang.Object, java.lang.Object)'> (0x000000072f3e6e10) 
thrown [s\open\src\hotspot\share\interpreter\linkResolver.cpp, line 766]

VM Operations (20 events):
Event: 8.732 Executing VM operation: CollectForMetadataAllocation done
Event: 8.738 Executing VM operation: G1Concurrent
Event: 8.740 Executing VM operation: G1Concurrent done
Event: 8.742 Executing VM operation: G1Concurrent
Event: 8.742 Executing VM operation: G1Concurrent done
Event: 10.741 Executing VM operation: Cleanup
Event: 10.741 Executing VM operation: Cleanup done
Event: 12.742 Executing VM operation: Cleanup
Event: 12.742 Executing VM operation: Cleanup done
Event: 13.743 Executing VM operation: Cleanup
Event: 13.743 Executing VM operation: Cleanup done
Event: 14.743 Executing VM operation: Cleanup
Event: 14.744 Executing VM operation: Cleanup done
Event: 22.750 Executing VM operation: Cleanup
Event: 22.750 Executing VM operation: Cleanup done
Event: 23.750 Executing VM operation: Cleanup
Event: 23.750 Executing VM operation: Cleanup done
Event: 25.752 Executing VM operation: Cleanup
Event: 25.752 Executing VM operation: Cleanup done
Event: 30.979 Executing VM operation: Exit

Events (20 events):
Event: 1.355 Thread 0x000001a6217391a0 Thread added: 0x000001a6217391a0
Event: 1.476 Thread 0x000001a6203c3a20 Thread added: 0x000001a6203c3a20
Event: 1.760 Thread 0x000001a6217391a0 Thread exited: 0x000001a6217391a0
Event: 4.207 Thread 0x000001a621738270 Thread added: 0x000001a621738270
Event: 4.319 Loaded shared library C:\Users\Даниил\.jdks\openjdk-18.0.1.1\bin\management.dll
Event: 4.321 Loaded shared library C:\Users\Даниил\.jdks\openjdk-18.0.1.1\bin\management_ext.dll
Event: 4.322 Thread 0x000001a621738270 Thread exited: 0x000001a621738270
Event: 4.585 Loaded shared library C:\Users\Даниил\.jdks\openjdk-18.0.1.1\bin\sunmscapi.dll
Event: 4.615 Thread 0x000001a6217391a0 Thread added: 0x000001a6217391a0
Event: 4.874 Thread 0x000001a621738c90 Thread added: 0x000001a621738c90
Event: 5.484 Thread 0x000001a621738c90 Thread exited: 0x000001a621738c90
Event: 5.484 Thread 0x000001a6217391a0 Thread exited: 0x000001a6217391a0
Event: 12.279 Thread 0x000001a621738270 Thread added: 0x000001a621738270
Event: 13.138 Thread 0x000001a621738270 Thread exited: 0x000001a621738270
Event: 30.976 Thread 0x000001a6203c3ef0 Thread added: 0x000001a6203c3ef0
Event: 30.977 Thread 0x000001a6203c43c0 Thread added: 0x000001a6203c43c0
Event: 30.977 Thread 0x000001a6203c4890 Thread added: 0x000001a6203c4890
Event: 30.977 Thread 0x000001a6203c43c0 Thread exited: 0x000001a6203c43c0
Event: 30.978 Thread 0x000001a6203c4890 Thread exited: 0x000001a6203c4890
Event: 30.979 Thread 0x000001a67f5f6000 Thread exited: 0x000001a67f5f6000


Dynamic libraries:
0x00007ff689df0000 - 0x00007ff689dfe000 	C:\Users\Даниил\.jdks\openjdk-18.0.1.1\bin\java.exe
0x00007ffe7b8b0000 - 0x00007ffe7bac4000 	C:\WINDOWS\SYSTEM32\ntdll.dll
0x00007ffe7a7c0000 - 0x00007ffe7a882000 	C:\WINDOWS\System32\KERNEL32.DLL
0x00007ffe79310000 - 0x00007ffe796ad000 	C:\WINDOWS\System32\KERNELBASE.dll
0x00007ffe78e90000 - 0x00007ffe78fa1000 	C:\WINDOWS\System32\ucrtbase.dll
0x00007ffde5430000 - 0x00007ffde544a000 	C:\Users\Даниил\.jdks\openjdk-18.0.1.1\bin\VCRUNTIME140.dll
0x00007ffde55b0000 - 0x00007ffde55c7000 	C:\Users\Даниил\.jdks\openjdk-18.0.1.1\bin\jli.dll
0x00007ffe7a920000 - 0x00007ffe7aaca000 	C:\WINDOWS\System32\USER32.dll
0x00007ffe68b50000 - 0x00007ffe68dde000 	C:\WINDOWS\WinSxS\amd64_microsoft.windows.common-controls_6595b64144ccf1df_6.0.22621.608_none_a9444ca7c10bb01d\COMCTL32.dll
0x00007ffe791c0000 - 0x00007ffe791e6000 	C:\WINDOWS\System32\win32u.dll
0x00007ffe7a020000 - 0x00007ffe7a049000 	C:\WINDOWS\System32\GDI32.dll
0x00007ffe7a0e0000 - 0x00007ffe7a187000 	C:\WINDOWS\System32\msvcrt.dll
0x00007ffe791f0000 - 0x00007ffe79302000 	C:\WINDOWS\System32\gdi32full.dll
0x00007ffe79120000 - 0x00007ffe791ba000 	C:\WINDOWS\System32\msvcp_win.dll
0x00007ffe7b5d0000 - 0x00007ffe7b602000 	C:\WINDOWS\System32\IMM32.DLL
0x00007ffe1b450000 - 0x00007ffe1b45c000 	C:\Users\Даниил\.jdks\openjdk-18.0.1.1\bin\vcruntime140_1.dll
0x00007ffdd5f20000 - 0x00007ffdd5fad000 	C:\Users\Даниил\.jdks\openjdk-18.0.1.1\bin\msvcp140.dll
0x00007ffdc2860000 - 0x00007ffdc3470000 	C:\Users\Даниил\.jdks\openjdk-18.0.1.1\bin\server\jvm.dll
0x00007ffe7b490000 - 0x00007ffe7b53e000 	C:\WINDOWS\System32\ADVAPI32.dll
0x00007ffe7b620000 - 0x00007ffe7b6c4000 	C:\WINDOWS\System32\sechost.dll
0x00007ffe79e90000 - 0x00007ffe79fa5000 	C:\WINDOWS\System32\RPCRT4.dll
0x00007ffe7a050000 - 0x00007ffe7a058000 	C:\WINDOWS\System32\PSAPI.DLL
0x00007ffe5ddc0000 - 0x00007ffe5ddc9000 	C:\WINDOWS\SYSTEM32\WSOCK32.dll
0x00007ffe70db0000 - 0x00007ffe70de4000 	C:\WINDOWS\SYSTEM32\WINMM.dll
0x00007ffe7a060000 - 0x00007ffe7a0d1000 	C:\WINDOWS\System32\WS2_32.dll
0x00007ffe73080000 - 0x00007ffe7308a000 	C:\WINDOWS\SYSTEM32\VERSION.dll
0x00007ffe77e00000 - 0x00007ffe77e18000 	C:\WINDOWS\SYSTEM32\kernel.appcore.dll
0x00007ffe02400000 - 0x00007ffe0240a000 	C:\Users\Даниил\.jdks\openjdk-18.0.1.1\bin\jimage.dll
0x00007ffe6d9e0000 - 0x00007ffe6dc0e000 	C:\WINDOWS\SYSTEM32\DBGHELP.DLL
0x00007ffe7a430000 - 0x00007ffe7a7ba000 	C:\WINDOWS\System32\combase.dll
0x00007ffe7aaf0000 - 0x00007ffe7abc7000 	C:\WINDOWS\System32\OLEAUT32.dll
0x00007ffe60c00000 - 0x00007ffe60c32000 	C:\WINDOWS\SYSTEM32\dbgcore.DLL
0x00007ffe78da0000 - 0x00007ffe78e1b000 	C:\WINDOWS\System32\bcryptPrimitives.dll
0x00007ffe760b0000 - 0x00007ffe760be000 	C:\Users\Даниил\.jdks\openjdk-18.0.1.1\bin\instrument.dll
0x00007ffdd6860000 - 0x00007ffdd6885000 	C:\Users\Даниил\.jdks\openjdk-18.0.1.1\bin\java.dll
0x00007ffdd5e40000 - 0x00007ffdd5f16000 	C:\Users\Даниил\.jdks\openjdk-18.0.1.1\bin\jsvml.dll
0x00007ffe796b0000 - 0x00007ffe79e90000 	C:\WINDOWS\System32\SHELL32.dll
0x00007ffe76ce0000 - 0x00007ffe775a5000 	C:\WINDOWS\SYSTEM32\windows.storage.dll
0x00007ffe76ba0000 - 0x00007ffe76cde000 	C:\WINDOWS\SYSTEM32\wintypes.dll
0x00007ffe7b390000 - 0x00007ffe7b481000 	C:\WINDOWS\System32\SHCORE.dll
0x00007ffe7a1a0000 - 0x00007ffe7a1fe000 	C:\WINDOWS\System32\shlwapi.dll
0x00007ffe78c10000 - 0x00007ffe78c31000 	C:\WINDOWS\SYSTEM32\profapi.dll
0x00007ffdd6570000 - 0x00007ffdd6583000 	C:\Users\Даниил\.jdks\openjdk-18.0.1.1\bin\net.dll
0x00007ffe73330000 - 0x00007ffe7345f000 	C:\WINDOWS\SYSTEM32\WINHTTP.dll
0x00007ffe78260000 - 0x00007ffe782c9000 	C:\WINDOWS\system32\mswsock.dll
0x00007ffdd6550000 - 0x00007ffdd6566000 	C:\Users\Даниил\.jdks\openjdk-18.0.1.1\bin\nio.dll
0x00007ffdd5e20000 - 0x00007ffdd5e38000 	C:\Users\Даниил\.jdks\openjdk-18.0.1.1\bin\zip.dll
0x000001a61bff0000 - 0x000001a61bff3000 	C:\Users\Даниил\.openjfx\cache\18.0.1+2\api-ms-win-core-console-l1-1-0.dll
0x000001a621ce0000 - 0x000001a621ce3000 	C:\Users\Даниил\.openjfx\cache\18.0.1+2\api-ms-win-core-console-l1-2-0.dll
0x000001a621cf0000 - 0x000001a621cf3000 	C:\Users\Даниил\.openjfx\cache\18.0.1+2\api-ms-win-core-datetime-l1-1-0.dll
0x000001a621d00000 - 0x000001a621d03000 	C:\Users\Даниил\.openjfx\cache\18.0.1+2\api-ms-win-core-debug-l1-1-0.dll
0x000001a621d10000 - 0x000001a621d13000 	C:\Users\Даниил\.openjfx\cache\18.0.1+2\api-ms-win-core-errorhandling-l1-1-0.dll
0x000001a621d20000 - 0x000001a621d24000 	C:\Users\Даниил\.openjfx\cache\18.0.1+2\api-ms-win-core-file-l1-1-0.dll
0x000001a621d30000 - 0x000001a621d33000 	C:\Users\Даниил\.openjfx\cache\18.0.1+2\api-ms-win-core-file-l1-2-0.dll
0x000001a621d40000 - 0x000001a621d43000 	C:\Users\Даниил\.openjfx\cache\18.0.1+2\api-ms-win-core-file-l2-1-0.dll
0x000001a621d50000 - 0x000001a621d53000 	C:\Users\Даниил\.openjfx\cache\18.0.1+2\api-ms-win-core-handle-l1-1-0.dll
0x000001a621d60000 - 0x000001a621d63000 	C:\Users\Даниил\.openjfx\cache\18.0.1+2\api-ms-win-core-heap-l1-1-0.dll
0x000001a621d70000 - 0x000001a621d73000 	C:\Users\Даниил\.openjfx\cache\18.0.1+2\api-ms-win-core-interlocked-l1-1-0.dll
0x000001a621d80000 - 0x000001a621d83000 	C:\Users\Даниил\.openjfx\cache\18.0.1+2\api-ms-win-core-libraryloader-l1-1-0.dll
0x000001a621d90000 - 0x000001a621d93000 	C:\Users\Даниил\.openjfx\cache\18.0.1+2\api-ms-win-core-localization-l1-2-0.dll
0x000001a621da0000 - 0x000001a621da3000 	C:\Users\Даниил\.openjfx\cache\18.0.1+2\api-ms-win-core-memory-l1-1-0.dll
0x000001a621db0000 - 0x000001a621db3000 	C:\Users\Даниил\.openjfx\cache\18.0.1+2\api-ms-win-core-namedpipe-l1-1-0.dll
0x000001a621dc0000 - 0x000001a621dc3000 	C:\Users\Даниил\.openjfx\cache\18.0.1+2\api-ms-win-core-processenvironment-l1-1-0.dll
0x000001a621dd0000 - 0x000001a621dd3000 	C:\Users\Даниил\.openjfx\cache\18.0.1+2\api-ms-win-core-processthreads-l1-1-0.dll
0x000001a621de0000 - 0x000001a621de3000 	C:\Users\Даниил\.openjfx\cache\18.0.1+2\api-ms-win-core-processthreads-l1-1-1.dll
0x000001a621df0000 - 0x000001a621df3000 	C:\Users\Даниил\.openjfx\cache\18.0.1+2\api-ms-win-core-profile-l1-1-0.dll
0x000001a621e00000 - 0x000001a621e03000 	C:\Users\Даниил\.openjfx\cache\18.0.1+2\api-ms-win-core-rtlsupport-l1-1-0.dll
0x000001a621e10000 - 0x000001a621e13000 	C:\Users\Даниил\.openjfx\cache\18.0.1+2\api-ms-win-core-string-l1-1-0.dll
0x000001a621e20000 - 0x000001a621e23000 	C:\Users\Даниил\.openjfx\cache\18.0.1+2\api-ms-win-core-synch-l1-1-0.dll
0x000001a621e30000 - 0x000001a621e33000 	C:\Users\Даниил\.openjfx\cache\18.0.1+2\api-ms-win-core-synch-l1-2-0.dll
0x000001a621e40000 - 0x000001a621e43000 	C:\Users\Даниил\.openjfx\cache\18.0.1+2\api-ms-win-core-sysinfo-l1-1-0.dll
0x000001a621e50000 - 0x000001a621e53000 	C:\Users\Даниил\.openjfx\cache\18.0.1+2\api-ms-win-core-timezone-l1-1-0.dll
0x000001a621e60000 - 0x000001a621e63000 	C:\Users\Даниил\.openjfx\cache\18.0.1+2\api-ms-win-core-util-l1-1-0.dll
0x000001a621e70000 - 0x000001a621e73000 	C:\Users\Даниил\.openjfx\cache\18.0.1+2\api-ms-win-crt-conio-l1-1-0.dll
0x000001a621e80000 - 0x000001a621e84000 	C:\Users\Даниил\.openjfx\cache\18.0.1+2\api-ms-win-crt-convert-l1-1-0.dll
0x000001a621e90000 - 0x000001a621e93000 	C:\Users\Даниил\.openjfx\cache\18.0.1+2\api-ms-win-crt-environment-l1-1-0.dll
0x000001a621ea0000 - 0x000001a621ea3000 	C:\Users\Даниил\.openjfx\cache\18.0.1+2\api-ms-win-crt-filesystem-l1-1-0.dll
0x000001a621eb0000 - 0x000001a621eb3000 	C:\Users\Даниил\.openjfx\cache\18.0.1+2\api-ms-win-crt-heap-l1-1-0.dll
0x000001a621ec0000 - 0x000001a621ec3000 	C:\Users\Даниил\.openjfx\cache\18.0.1+2\api-ms-win-crt-locale-l1-1-0.dll
0x000001a621ed0000 - 0x000001a621ed5000 	C:\Users\Даниил\.openjfx\cache\18.0.1+2\api-ms-win-crt-math-l1-1-0.dll
0x000001a621ee0000 - 0x000001a621ee5000 	C:\Users\Даниил\.openjfx\cache\18.0.1+2\api-ms-win-crt-multibyte-l1-1-0.dll
0x000001a621ef0000 - 0x000001a621f00000 	C:\Users\Даниил\.openjfx\cache\18.0.1+2\api-ms-win-crt-private-l1-1-0.dll
0x000001a621f00000 - 0x000001a621f03000 	C:\Users\Даниил\.openjfx\cache\18.0.1+2\api-ms-win-crt-process-l1-1-0.dll
0x000001a621f10000 - 0x000001a621f14000 	C:\Users\Даниил\.openjfx\cache\18.0.1+2\api-ms-win-crt-runtime-l1-1-0.dll
0x000001a621f20000 - 0x000001a621f24000 	C:\Users\Даниил\.openjfx\cache\18.0.1+2\api-ms-win-crt-stdio-l1-1-0.dll
0x000001a621f30000 - 0x000001a621f34000 	C:\Users\Даниил\.openjfx\cache\18.0.1+2\api-ms-win-crt-string-l1-1-0.dll
0x000001a621f40000 - 0x000001a621f43000 	C:\Users\Даниил\.openjfx\cache\18.0.1+2\api-ms-win-crt-time-l1-1-0.dll
0x000001a621f50000 - 0x000001a621f53000 	C:\Users\Даниил\.openjfx\cache\18.0.1+2\api-ms-win-crt-utility-l1-1-0.dll
0x00007ffe36600000 - 0x00007ffe366fc000 	C:\Users\Даниил\.openjfx\cache\18.0.1+2\ucrtbase.dll
0x00007ffe65c80000 - 0x00007ffe65c9a000 	C:\Users\Даниил\.openjfx\cache\18.0.1+2\vcruntime140.dll
0x00007ffe6aeb0000 - 0x00007ffe6aebc000 	C:\Users\Даниил\.openjfx\cache\18.0.1+2\vcruntime140_1.dll
0x00007ffe4dbe0000 - 0x00007ffe4dc6d000 	C:\Users\Даниил\.openjfx\cache\18.0.1+2\msvcp140.dll
0x00007ffe4eec0000 - 0x00007ffe4eeec000 	C:\Users\Даниил\.openjfx\cache\18.0.1+2\prism_d3d.dll
0x00007ffe6a330000 - 0x00007ffe6a4d9000 	C:\WINDOWS\system32\d3d9.dll
0x00007ffe76490000 - 0x00007ffe764bb000 	C:\WINDOWS\SYSTEM32\dwmapi.dll
0x00007ffe76500000 - 0x00007ffe76536000 	C:\WINDOWS\SYSTEM32\dxcore.dll
0x00007ffe76210000 - 0x00007ffe762bb000 	C:\WINDOWS\system32\uxtheme.dll
0x00007ffe70df0000 - 0x00007ffe70faa000 	C:\Windows\System32\DriverStore\FileRepository\u0378907.inf_amd64_eb182e3a6bde9eb7\B378853\aticfx64.dll
0x00007ffe1b460000 - 0x00007ffe1b494000 	C:\Windows\System32\DriverStore\FileRepository\u0378907.inf_amd64_eb182e3a6bde9eb7\B378853\atiu9p64.dll
0x00007ffdff010000 - 0x00007ffdffd66000 	C:\Windows\System32\DriverStore\FileRepository\u0378907.inf_amd64_eb182e3a6bde9eb7\B378853\atiumd64.dll
0x00007ffe7b6d0000 - 0x00007ffe7b86c000 	C:\WINDOWS\System32\ole32.dll
0x00000000611e0000 - 0x000000006209f000 	C:\WINDOWS\System32\DriverStore\FileRepository\u0378907.inf_amd64_eb182e3a6bde9eb7\B378853\atiumd6a.dll
0x00007ffe7ad50000 - 0x00007ffe7b1ca000 	C:\WINDOWS\System32\SETUPAPI.dll
0x00007ffe77bd0000 - 0x00007ffe77c1d000 	C:\WINDOWS\SYSTEM32\POWRPROF.dll
0x00007ffe77bb0000 - 0x00007ffe77bc3000 	C:\WINDOWS\SYSTEM32\UMPDC.dll
0x00007ffe6fbd0000 - 0x00007ffe6fc00000 	C:\WINDOWS\SYSTEM32\amdihk64.dll
0x00007ffe732a0000 - 0x00007ffe732e9000 	C:\WINDOWS\SYSTEM32\directxdatabasehelper.dll
0x00007ffe4b080000 - 0x00007ffe4b0c2000 	C:\Users\Даниил\.openjfx\cache\18.0.1+2\glass.dll
0x00007ffe7abf0000 - 0x00007ffe7ace6000 	C:\WINDOWS\System32\COMDLG32.dll
0x00007ffe7a310000 - 0x00007ffe7a42e000 	C:\WINDOWS\System32\MSCTF.dll
0x00007ffe5ee60000 - 0x00007ffe5ee74000 	C:\Users\Даниил\.openjfx\cache\18.0.1+2\javafx_font.dll
0x00007ffe74960000 - 0x00007ffe74bc7000 	C:\WINDOWS\SYSTEM32\dwrite.dll
0x00007ffe7a200000 - 0x00007ffe7a2b7000 	C:\WINDOWS\System32\clbcatq.dll
0x00007ffe74710000 - 0x00007ffe748c0000 	C:\WINDOWS\SYSTEM32\WindowsCodecs.dll
0x00007ffe5a4f0000 - 0x00007ffe5a54e000 	C:\WINDOWS\system32\dataexchange.dll
0x00007ffe70fb0000 - 0x00007ffe7121a000 	C:\WINDOWS\system32\twinapi.appcore.dll
0x00007ffe1b580000 - 0x00007ffe1b5b2000 	C:\Program Files\Common Files\Microsoft Shared\Ink\rtscom.dll
0x00007ffe69020000 - 0x00007ffe6914d000 	C:\WINDOWS\SYSTEM32\textinputframework.dll
0x00007ffe75c90000 - 0x00007ffe75dc3000 	C:\WINDOWS\SYSTEM32\CoreMessaging.dll
0x00007ffe728e0000 - 0x00007ffe72c4c000 	C:\WINDOWS\SYSTEM32\CoreUIComponents.dll
0x00007ffe78470000 - 0x00007ffe7847c000 	C:\WINDOWS\SYSTEM32\CRYPTBASE.DLL
0x00007ffe760a0000 - 0x00007ffe760a9000 	C:\Users\Даниил\.jdks\openjdk-18.0.1.1\bin\management.dll
0x00007ffe76090000 - 0x00007ffe7609b000 	C:\Users\Даниил\.jdks\openjdk-18.0.1.1\bin\management_ext.dll
0x00007ffe6ae90000 - 0x00007ffe6ae9e000 	C:\Users\Даниил\.jdks\openjdk-18.0.1.1\bin\sunmscapi.dll
0x00007ffe78fb0000 - 0x00007ffe79116000 	C:\WINDOWS\System32\CRYPT32.dll
0x00007ffe78650000 - 0x00007ffe7867d000 	C:\WINDOWS\SYSTEM32\ncrypt.dll
0x00007ffe78610000 - 0x00007ffe78647000 	C:\WINDOWS\SYSTEM32\NTASN1.dll
0x00007ffe78480000 - 0x00007ffe7849b000 	C:\WINDOWS\SYSTEM32\CRYPTSP.dll

dbghelp: loaded successfully - version: 4.0.5 - missing functions: none
symbol engine: initialized successfully - sym options: 0x614 - pdb path: .;C:\Users\Даниил\.jdks\openjdk-18.0.1.1\bin;C:\WINDOWS\SYSTEM32;C:\WINDOWS\WinSxS\amd64_microsoft.windows.common-controls_6595b64144ccf1df_6.0.22621.608_none_a9444ca7c10bb01d;C:\Users\Даниил\.jdks\openjdk-18.0.1.1\bin\server;C:\Users\Даниил\.openjfx\cache\18.0.1+2;C:\Windows\System32\DriverStore\FileRepository\u0378907.inf_amd64_eb182e3a6bde9eb7\B378853;C:\Program Files\Common Files\Microsoft Shared\Ink

VM Arguments:
jvm_args: -javaagent:C:\Users\Даниил\AppData\Local\JetBrains\Toolbox\apps\IDEA-U\ch-0\222.4459.24\lib\idea_rt.jar=51712:C:\Users\Даниил\AppData\Local\JetBrains\Toolbox\apps\IDEA-U\ch-0\222.4459.24\bin -Dfile.encoding=UTF-8 -Dsun.stdout.encoding=UTF-8 -Dsun.stderr.encoding=UTF-8 --module-path=C:\Users\Даниил\.m2\repository\org\kordamp\bootstrapfx\bootstrapfx-core\0.4.0\bootstrapfx-core-0.4.0.jar;C:\Users\Даниил\.m2\repository\org\controlsfx\controlsfx\11.1.1\controlsfx-11.1.1.jar;C:\Users\Даниил\.m2\repository\org\openjfx\javafx-graphics\18.0.1\javafx-graphics-18.0.1-win.jar;C:\Users\Даниил\.m2\repository\org\kordamp\ikonli\ikonli-core\12.3.1\ikonli-core-12.3.1.jar;C:\Users\Даниил\.m2\repository\org\openjfx\javafx-fxml\18.0.1\javafx-fxml-18.0.1-win.jar;E:\IdeaProjects\courseproject\target\classes;C:\Users\Даниил\.m2\repository\org\openjfx\javafx-controls\18.0.1\javafx-controls-18.0.1-win.jar;E:\postgresql-42.5.0.jar;C:\Users\Даниил\.m2\repository\org\kordamp\ikonli\ikonli-javafx\12.3.1\ikonli-javafx-12.3.1.jar;C:\Users\Даниил\.m2\repository\com\dlsc\formsfx\formsfx-core\11.5.0\formsfx-core-11.5.0.jar;C:\Users\Даниил\.m2\repository\org\openjfx\javafx-base\18.0.1\javafx-base-18.0.1-win.jar -Djdk.module.main=com.example.courseproject 
java_command: com.example.courseproject/com.example.courseproject.HelloApplication
java_class_path (initial): C:\Users\Даниил\.m2\repository\org\openjfx\javafx-controls\18.0.1\javafx-controls-18.0.1.jar;C:\Users\Даниил\.m2\repository\org\openjfx\javafx-graphics\18.0.1\javafx-graphics-18.0.1.jar;C:\Users\Даниил\.m2\repository\org\openjfx\javafx-base\18.0.1\javafx-base-18.0.1.jar;C:\Users\Даниил\.m2\repository\org\openjfx\javafx-fxml\18.0.1\javafx-fxml-18.0.1.jar;C:\Users\Даниил\.m2\repository\net\synedra\validatorfx\0.3.1\validatorfx-0.3.1.jar
Launcher Type: SUN_STANDARD

[Global flags]
     intx CICompilerCount                          = 4                                         {product} {ergonomic}
     uint ConcGCThreads                            = 3                                         {product} {ergonomic}
     uint G1ConcRefinementThreads                  = 10                                        {product} {ergonomic}
   size_t G1HeapRegionSize                         = 2097152                                   {product} {ergonomic}
    uintx GCDrainStackTargetSize                   = 64                                        {product} {ergonomic}
   size_t InitialHeapSize                          = 232783872                                 {product} {ergonomic}
   size_t MarkStackSize                            = 4194304                                   {product} {ergonomic}
   size_t MaxHeapSize                              = 3720347648                                {product} {ergonomic}
   size_t MaxNewSize                               = 2231369728                                {product} {ergonomic}
   size_t MinHeapDeltaBytes                        = 2097152                                   {product} {ergonomic}
   size_t MinHeapSize                              = 8388608                                   {product} {ergonomic}
    uintx NonNMethodCodeHeapSize                   = 5839372                                {pd product} {ergonomic}
    uintx NonProfiledCodeHeapSize                  = 122909434                              {pd product} {ergonomic}
    uintx ProfiledCodeHeapSize                     = 122909434                              {pd product} {ergonomic}
    uintx ReservedCodeCacheSize                    = 251658240                              {pd product} {ergonomic}
     bool SegmentedCodeCache                       = true                                      {product} {ergonomic}
   size_t SoftMaxHeapSize                          = 3720347648                             {manageable} {ergonomic}
     bool UseCompressedClassPointers               = true                           {product lp64_product} {ergonomic}
     bool UseCompressedOops                        = true                           {product lp64_product} {ergonomic}
     bool UseG1GC                                  = true                                      {product} {ergonomic}
     bool UseLargePagesIndividualAllocation        = false                                  {pd product} {ergonomic}

Logging:
Log output configuration:
 #0: stdout all=off uptime,level,tags foldmultilines=false
 #1: stderr all=off uptime,level,tags foldmultilines=false

Environment Variables:
PATH=C:\Program Files\Common Files\Oracle\Java\javapath;C:\Program Files (x86)\Common Files\Oracle\Java\javapath;C:\Windows\system32;C:\Windows;C:\Windows\System32\Wbem;C:\Windows\System32\WindowsPowerShell\v1.0\;C:\Windows\System32\OpenSSH\;C:\Program Files\NVIDIA Corporation\NVIDIA NvDLISR;C:\Program Files (x86)\NVIDIA Corporation\PhysX\Common;C:\WINDOWS\system32;C:\WINDOWS;C:\WINDOWS\System32\Wbem;C:\WINDOWS\System32\WindowsPowerShell\v1.0\;C:\WINDOWS\System32\OpenSSH\;C:\Program Files\Mullvad VPN\resources;C:\Program Files\Git\cmd;C:\Program Files\dotnet\;C:\Users\Даниил\AppData\Local\Microsoft\WindowsApps;;C:\Users\Даниил\AppData\Local\JetBrains\Toolbox\scripts;C:\Users\Даниил\AppData\Local\Microsoft\WindowsApps;C:\Users\Даниил\.dotnet\tools
USERNAME=Daniil
OS=Windows_NT
PROCESSOR_IDENTIFIER=AMD64 Family 25 Model 80 Stepping 0, AuthenticAMD



---------------  S Y S T E M  ---------------

OS:
 Windows 11 , 64 bit Build 22621 (10.0.22621.755)
OS uptime: 1 days 19:34 hours
Hyper-V role detected

CPU: total 12 (initial active 12) (12 cores per cpu, 2 threads per core) family 25 model 80 stepping 0 microcode 0x0, cx8, cmov, fxsr, ht, mmx, 3dnowpref, sse, sse2, sse3, ssse3, sse4a, sse4.1, sse4.2, popcnt, lzcnt, tsc, tscinvbit, avx, avx2, aes, erms, clmul, bmi1, bmi2, adx, sha, fma, vzeroupper, clflush, clflushopt, hv

Memory: 4k page, system-wide physical 14188M (2196M free)
TotalPageFile size 27500M (AvailPageFile size 9375M)
current process WorkingSet (physical memory assigned to process): 131M, peak: 161M
current process commit charge ("private bytes"): 229M, peak: 405M

vm_info: OpenJDK 64-Bit Server VM (18.0.1.1+2-6) for windows-amd64 JRE (18.0.1.1+2-6), built on Apr 25 2022 21:50:56 by "mach5one" with MS VC++ 16.8 / 16.9 (VS2019)

END.
